<?xml version="1.0" encoding="UTF-8"?>
<testsuite name="ru.stqa.stjv.sandbox.PointTests" tests="5" skipped="0" failures="0" errors="0" timestamp="2021-06-01T15:44:44" hostname="LAPTOP-8G0HMQPU" time="0.01">
  <properties/>
  <testcase name="testDistance1" classname="ru.stqa.stjv.sandbox.PointTests" time="0.006"/>
  <testcase name="testDistance2" classname="ru.stqa.stjv.sandbox.PointTests" time="0.0"/>
  <testcase name="testDistance3" classname="ru.stqa.stjv.sandbox.PointTests" time="0.0"/>
  <testcase name="testDistance4" classname="ru.stqa.stjv.sandbox.PointTests" time="0.0"/>
  <testcase name="testDistance5" classname="ru.stqa.stjv.sandbox.PointTests" time="0.0"/>
  <system-out><![CDATA[]]></system-out>
  <system-err><![CDATA[]]></system-err>
</testsuite>
